This is pdfTeX, Version 3.14159265-2.6-1.40.21 (MiKTeX 2.9.7300) (preloaded format=pdflatex 2020.2.28)  7 MAR 2020 21:35
entering extended mode
**./main.tex
(main.tex
LaTeX2e <2020-02-02> patch level 4
L3 programming layer <2020-02-25>
("/Library/Application Support/MiKTeX/texmfs/install/tex/latex/base/report.cls"
Document Class: report 2019/12/20 v1.4l Standard LaTeX document class
("/Library/Application Support/MiKTeX/texmfs/install/tex/latex/base/size10.clo"
File: size10.clo 2019/12/20 v1.4l Standard LaTeX file (size option)
)
\c@part=\count167
\c@chapter=\count168
\c@section=\count169
\c@subsection=\count170
\c@subsubsection=\count171
\c@paragraph=\count172
\c@subparagraph=\count173
\c@figure=\count174
\c@table=\count175
\abovecaptionskip=\skip47
\belowcaptionskip=\skip48
\bibindent=\dimen134
)
("/Users/databunker/Library/Application Support/MiKTeX/texmfs/install/tex/latex
/fancyhdr/fancyhdr.sty"
Package: fancyhdr 2019/01/31 v3.10 Extensive control of page headers and footer
s
\f@nch@headwidth=\skip49
\f@nch@O@elh=\skip50
\f@nch@O@erh=\skip51
\f@nch@O@olh=\skip52
\f@nch@O@orh=\skip53
\f@nch@O@elf=\skip54
\f@nch@O@erf=\skip55
\f@nch@O@olf=\skip56
\f@nch@O@orf=\skip57
)
("/Library/Application Support/MiKTeX/texmfs/install/tex/latex/amsmath/amsmath.
sty"
Package: amsmath 2020/01/20 v2.17e AMS math features
\@mathmargin=\skip58

For additional information on amsmath, use the `?' option.

("/Library/Application Support/MiKTeX/texmfs/install/tex/latex/amsmath/amstext.
sty"
Package: amstext 2000/06/29 v2.01 AMS text

("/Library/Application Support/MiKTeX/texmfs/install/tex/latex/amsmath/amsgen.s
ty"
File: amsgen.sty 1999/11/30 v2.0 generic functions
\@emptytoks=\toks14
\ex@=\dimen135
))
("/Library/Application Support/MiKTeX/texmfs/install/tex/latex/amsmath/amsbsy.s
ty"
Package: amsbsy 1999/11/29 v1.2d Bold Symbols
\pmbraise@=\dimen136
)
("/Library/Application Support/MiKTeX/texmfs/install/tex/latex/amsmath/amsopn.s
ty"
Package: amsopn 2016/03/08 v2.02 operator names
)
\inf@bad=\count176
LaTeX Info: Redefining \frac on input line 227.
\uproot@=\count177
\leftroot@=\count178
LaTeX Info: Redefining \overline on input line 389.
\classnum@=\count179
\DOTSCASE@=\count180
LaTeX Info: Redefining \ldots on input line 486.
LaTeX Info: Redefining \dots on input line 489.
LaTeX Info: Redefining \cdots on input line 610.
\Mathstrutbox@=\box45
\strutbox@=\box46
\big@size=\dimen137
LaTeX Font Info:    Redeclaring font encoding OML on input line 733.
LaTeX Font Info:    Redeclaring font encoding OMS on input line 734.
\macc@depth=\count181
\c@MaxMatrixCols=\count182
\dotsspace@=\muskip16
\c@parentequation=\count183
\dspbrk@lvl=\count184
\tag@help=\toks15
\row@=\count185
\column@=\count186
\maxfields@=\count187
\andhelp@=\toks16
\eqnshift@=\dimen138
\alignsep@=\dimen139
\tagshift@=\dimen140
\tagwidth@=\dimen141
\totwidth@=\dimen142
\lineht@=\dimen143
\@envbody=\toks17
\multlinegap=\skip59
\multlinetaggap=\skip60
\mathdisplay@stack=\toks18
LaTeX Info: Redefining \[ on input line 2859.
LaTeX Info: Redefining \] on input line 2860.
)
("/Library/Application Support/MiKTeX/texmfs/install/tex/latex/l3backend/l3back
end-pdfmode.def"
File: l3backend-pdfmode.def 2020-02-23 L3 backend support: PDF mode
\l__kernel_color_stack_int=\count188
\l__pdf_internal_box=\box47
)

LaTeX Warning: Unused global option(s):
    [13pt].

(main.aux)
\openout1 = `main.aux'.

LaTeX Font Info:    Checking defaults for OML/cmm/m/it on input line 17.
LaTeX Font Info:    ... okay on input line 17.
LaTeX Font Info:    Checking defaults for OMS/cmsy/m/n on input line 17.
LaTeX Font Info:    ... okay on input line 17.
LaTeX Font Info:    Checking defaults for OT1/cmr/m/n on input line 17.
LaTeX Font Info:    ... okay on input line 17.
LaTeX Font Info:    Checking defaults for T1/cmr/m/n on input line 17.
LaTeX Font Info:    ... okay on input line 17.
LaTeX Font Info:    Checking defaults for TS1/cmr/m/n on input line 17.
LaTeX Font Info:    ... okay on input line 17.
LaTeX Font Info:    Checking defaults for OMX/cmex/m/n on input line 17.
LaTeX Font Info:    ... okay on input line 17.
LaTeX Font Info:    Checking defaults for U/cmr/m/n on input line 17.
LaTeX Font Info:    ... okay on input line 17.


LaTeX Warning: No \author given.

[1

{/Users/databunker/Library/Application Support/MiKTeX/texmfs/data/pdftex/config
/pdftex.map}] (Chapters/originality.tex
Overfull \hbox (6.52733pt too wide) in paragraph at lines 4--8
\OT1/cmr/m/n/10 I acknowledge that the copyright of this project report, and an
y product developed
 []

) [1

] (main.toc)
\tf@toc=\write3
\openout3 = `main.toc'.

 [2

] (Chapters/abstract.tex) [3

] (Chapters/acknowledgements.tex) [4

]
Chapter 1.
(Chapters/introduction.tex [5

]) [6]
Chapter 2.
(Chapters/l_review.tex) [7

]
Chapter 3.
(Chapters/methodology.tex) [8

]
Chapter 4.
(Chapters/eval.tex) [9

]
Chapter 5.
(Chapters/discussion.tex) [10

]
Chapter 6.
(Chapters/reflection.tex) [11

]
Chapter 7.
(Chapters/conclusion.tex) [12

] (Chapters/ref.tex) [13

] (Chapters/appendices.tex) [14

] (main.aux) ) 
Here is how much of TeX's memory you used:
 1233 strings out of 483242
 17292 string characters out of 2960027
 247861 words of memory out of 3000000
 16489 multiletter control sequences out of 15000+200000
 538979 words of font info for 47 fonts, out of 3000000 for 9000
 0 hyphenation exceptions out of 8191
 30i,10n,45p,742b,228s stack positions out of 5000i,500n,10000p,200000b,50000s
</Library/Application Support/MiKTeX/texmfs/install/fonts/type1/p
ublic/amsfonts/cm/cmbx10.pfb></Library/Application Support/MiKTeX/texmfs/instal
l/fonts/type1/public/amsfonts/cm/cmbx12.pfb></Library/Application Support/MiKTe
X/texmfs/install/fonts/type1/public/amsfonts/cm/cmr10.pfb></Library/Application
 Support/MiKTeX/texmfs/install/fonts/type1/public/amsfonts/cm/cmr12.pfb></Libra
ry/Application Support/MiKTeX/texmfs/install/fonts/type1/public/amsfonts/cm/cmr
17.pfb></Library/Application Support/MiKTeX/texmfs/install/fonts/type1/public/a
msfonts/cm/cmsl10.pfb>
Output written on main.pdf (15 pages, 115141 bytes).
PDF statistics:
 75 PDF objects out of 1000 (max. 8388607)
 0 named destinations out of 1000 (max. 500000)
 1 words of extra memory for PDF output out of 10000 (max. 10000000)

